<?xml version="1.0" encoding="UTF-8"?>
<testsuite name="assign2.weatherforecast.WeatherWebServiceTest" tests="7" skipped="0" failures="0" errors="0" timestamp="2015-03-13T04:34:54" hostname="Dineshs-MacBook-Pro.local" time="3.762">
  <properties/>
  <testcase name="testParseJSONWithInvalidJSON" classname="assign2.weatherforecast.WeatherWebServiceTest" time="0.183"/>
  <testcase name="testInvokeWebServiceOnEmptyCity" classname="assign2.weatherforecast.WeatherWebServiceTest" time="1.097"/>
  <testcase name="testInvokeWebServiceOnValidCity" classname="assign2.weatherforecast.WeatherWebServiceTest" time="0.066"/>
  <testcase name="testGetDataWithInvalidCity" classname="assign2.weatherforecast.WeatherWebServiceTest" time="1.522"/>
  <testcase name="testParseJSONWithValidJSONString" classname="assign2.weatherforecast.WeatherWebServiceTest" time="0.089"/>
  <testcase name="testInvokeWebServiceWhenError" classname="assign2.weatherforecast.WeatherWebServiceTest" time="0.647"/>
  <testcase name="testGetDataWithValidCity" classname="assign2.weatherforecast.WeatherWebServiceTest" time="0.153"/>
  <system-out><![CDATA[]]></system-out>
  <system-err><![CDATA[]]></system-err>
</testsuite>
