<?xml version="1.0" encoding="UTF-8"?>
<testsuite name="assign2.weatherforecast.WeatherWebServiceTest" tests="7" skipped="0" failures="0" errors="0" timestamp="2015-10-16T20:17:15" hostname="Dineshs-MacBook-Pro.local" time="0.494">
  <properties/>
  <testcase name="testParseJSONWithInvalidJSON" classname="assign2.weatherforecast.WeatherWebServiceTest" time="0.013"/>
  <testcase name="testInvokeWebServiceOnEmptyCity" classname="assign2.weatherforecast.WeatherWebServiceTest" time="0.141"/>
  <testcase name="testInvokeWebServiceOnValidCity" classname="assign2.weatherforecast.WeatherWebServiceTest" time="0.044"/>
  <testcase name="testGetDataWithInvalidCity" classname="assign2.weatherforecast.WeatherWebServiceTest" time="0.043"/>
  <testcase name="testParseJSONWithValidJSONString" classname="assign2.weatherforecast.WeatherWebServiceTest" time="0.005"/>
  <testcase name="testInvokeWebServiceWhenError" classname="assign2.weatherforecast.WeatherWebServiceTest" time="0.17"/>
  <testcase name="testGetDataWithValidCity" classname="assign2.weatherforecast.WeatherWebServiceTest" time="0.071"/>
  <system-out><![CDATA[]]></system-out>
  <system-err><![CDATA[]]></system-err>
</testsuite>
